# JRE version: OpenJDK Runtime Environment (17.0.11) (build 17.0.11+0--11852314)
# Java VM: OpenJDK 64-Bit Server VM (17.0.11+0--11852314, mixed mode, tiered, compressed oops, compressed class ptrs, g1 gc, windows-amd64)
GC Precious Log:
 CPUs: 12 total, 12 available
 Memory: 16251M
 Large Page Support: Disabled
 NUMA Support: Disabled
 Compressed Oops: Enabled (Zero based)
 Heap Region Size: 4M
 Heap Min Capacity: 8M
 Heap Initial Capacity: 256M
 Heap Max Capacity: 4608M
 Pre-touch: Disabled
 Parallel Workers: 10
 Concurrent Workers: 3
 Concurrent Refinement Workers: 10
 Periodic GC: Disabled
Heap:
 garbage-first heap   total 1622016K, used 843569K [0x00000006e0000000, 0x0000000800000000)
  region size 4096K, 121 young (495616K), 4 survivors (16384K)
 Metaspace       used 291885K, committed 293824K, reserved 1310720K
  class space    used 38049K, committed 38976K, reserved 1048576K
GC Heap History (20 events):
Event: 1113.448 GC heap before
{Heap before GC invocations=75 (full 0):
 garbage-first heap   total 737280K, used 339040K [0x00000006e0000000, 0x0000000800000000)
  region size 4096K, 6 young (24576K), 1 survivors (4096K)
 Metaspace       used 273702K, committed 275456K, reserved 1310720K
  class space    used 36217K, committed 37056K, reserved 1048576K
}
Event: 1113.452 GC heap after
{Heap after GC invocations=76 (full 0):
 garbage-first heap   total 737280K, used 322369K [0x00000006e0000000, 0x0000000800000000)
  region size 4096K, 1 young (4096K), 1 survivors (4096K)
 Metaspace       used 273702K, committed 275456K, reserved 1310720K
  class space    used 36217K, committed 37056K, reserved 1048576K
}
Event: 1114.452 GC heap before
{Heap before GC invocations=77 (full 0):
 garbage-first heap   total 737280K, used 596801K [0x00000006e0000000, 0x0000000800000000)
  region size 4096K, 65 young (266240K), 1 survivors (4096K)
 Metaspace       used 274113K, committed 275904K, reserved 1310720K
  class space    used 36222K, committed 37120K, reserved 1048576K
}
Event: 1114.472 GC heap after
{Heap after GC invocations=78 (full 0):
 garbage-first heap   total 737280K, used 368490K [0x00000006e0000000, 0x0000000800000000)
  region size 4096K, 9 young (36864K), 9 survivors (36864K)
 Metaspace       used 274113K, committed 275904K, reserved 1310720K
  class space    used 36222K, committed 37120K, reserved 1048576K
}
Event: 1114.539 GC heap before
{Heap before GC invocations=78 (full 0):
 garbage-first heap   total 737280K, used 372586K [0x00000006e0000000, 0x0000000800000000)
  region size 4096K, 10 young (40960K), 9 survivors (36864K)
 Metaspace       used 274113K, committed 275904K, reserved 1310720K
  class space    used 36222K, committed 37120K, reserved 1048576K
}
Event: 1114.556 GC heap after
{Heap after GC invocations=79 (full 0):
 garbage-first heap   total 737280K, used 363534K [0x00000006e0000000, 0x0000000800000000)
  region size 4096K, 2 young (8192K), 2 survivors (8192K)
 Metaspace       used 274113K, committed 275904K, reserved 1310720K
  class space    used 36222K, committed 37120K, reserved 1048576K
}
Event: 1115.909 GC heap before
{Heap before GC invocations=79 (full 0):
 garbage-first heap   total 737280K, used 523278K [0x00000006e0000000, 0x0000000800000000)
  region size 4096K, 42 young (172032K), 2 survivors (8192K)
 Metaspace       used 275687K, committed 277504K, reserved 1310720K
  class space    used 36256K, committed 37120K, reserved 1048576K
}
Event: 1115.919 GC heap after
{Heap after GC invocations=80 (full 0):
 garbage-first heap   total 737280K, used 370040K [0x00000006e0000000, 0x0000000800000000)
  region size 4096K, 5 young (20480K), 5 survivors (20480K)
 Metaspace       used 275687K, committed 277504K, reserved 1310720K
  class space    used 36256K, committed 37120K, reserved 1048576K
}
Event: 1409.411 GC heap before
{Heap before GC invocations=81 (full 0):
 garbage-first heap   total 737280K, used 591224K [0x00000006e0000000, 0x0000000800000000)
  region size 4096K, 58 young (237568K), 5 survivors (20480K)
 Metaspace       used 278243K, committed 280128K, reserved 1310720K
  class space    used 36603K, committed 37504K, reserved 1048576K
}
Event: 1409.428 GC heap after
{Heap after GC invocations=82 (full 0):
 garbage-first heap   total 737280K, used 386519K [0x00000006e0000000, 0x0000000800000000)
  region size 4096K, 5 young (20480K), 5 survivors (20480K)
 Metaspace       used 278243K, committed 280128K, reserved 1310720K
  class space    used 36603K, committed 37504K, reserved 1048576K
}
Event: 1409.660 GC heap before
{Heap before GC invocations=82 (full 0):
 garbage-first heap   total 737280K, used 398807K [0x00000006e0000000, 0x0000000800000000)
  region size 4096K, 9 young (36864K), 5 survivors (20480K)
 Metaspace       used 278491K, committed 280320K, reserved 1310720K
  class space    used 36626K, committed 37504K, reserved 1048576K
}
Event: 1409.669 GC heap after
{Heap after GC invocations=83 (full 0):
 garbage-first heap   total 737280K, used 382142K [0x00000006e0000000, 0x0000000800000000)
  region size 4096K, 1 young (4096K), 1 survivors (4096K)
 Metaspace       used 278491K, committed 280320K, reserved 1310720K
  class space    used 36626K, committed 37504K, reserved 1048576K
}
Event: 1411.810 GC heap before
{Heap before GC invocations=83 (full 0):
 garbage-first heap   total 737280K, used 562366K [0x00000006e0000000, 0x0000000800000000)
  region size 4096K, 47 young (192512K), 1 survivors (4096K)
 Metaspace       used 282918K, committed 284864K, reserved 1310720K
  class space    used 37091K, committed 38016K, reserved 1048576K
}
Event: 1411.830 GC heap after
{Heap after GC invocations=84 (full 0):
 garbage-first heap   total 737280K, used 424422K [0x00000006e0000000, 0x0000000800000000)
  region size 4096K, 7 young (28672K), 7 survivors (28672K)
 Metaspace       used 282918K, committed 284864K, reserved 1310720K
  class space    used 37091K, committed 38016K, reserved 1048576K
}
Event: 1412.360 GC heap before
{Heap before GC invocations=85 (full 0):
 garbage-first heap   total 847872K, used 604646K [0x00000006e0000000, 0x0000000800000000)
  region size 4096K, 44 young (180224K), 7 survivors (28672K)
 Metaspace       used 287001K, committed 288896K, reserved 1310720K
  class space    used 37460K, committed 38400K, reserved 1048576K
}
Event: 1412.379 GC heap after
{Heap after GC invocations=86 (full 0):
 garbage-first heap   total 847872K, used 437769K [0x00000006e0000000, 0x0000000800000000)
  region size 4096K, 4 young (16384K), 4 survivors (16384K)
 Metaspace       used 287001K, committed 288896K, reserved 1310720K
  class space    used 37460K, committed 38400K, reserved 1048576K
}
Event: 1412.456 GC heap before
{Heap before GC invocations=86 (full 0):
 garbage-first heap   total 847872K, used 458249K [0x00000006e0000000, 0x0000000800000000)
  region size 4096K, 10 young (40960K), 4 survivors (16384K)
 Metaspace       used 287436K, committed 289344K, reserved 1310720K
  class space    used 37507K, committed 38400K, reserved 1048576K
}
Event: 1412.465 GC heap after
{Heap after GC invocations=87 (full 0):
 garbage-first heap   total 847872K, used 382400K [0x00000006e0000000, 0x0000000800000000)
  region size 4096K, 1 young (4096K), 1 survivors (4096K)
 Metaspace       used 287436K, committed 289344K, reserved 1310720K
  class space    used 37507K, committed 38400K, reserved 1048576K
}
Event: 1414.072 GC heap before
{Heap before GC invocations=87 (full 0):
 garbage-first heap   total 847872K, used 665024K [0x00000006e0000000, 0x0000000800000000)
  region size 4096K, 71 young (290816K), 1 survivors (4096K)
 Metaspace       used 291167K, committed 293056K, reserved 1310720K
  class space    used 37956K, committed 38848K, reserved 1048576K
}
Event: 1414.084 GC heap after
{Heap after GC invocations=88 (full 0):
 garbage-first heap   total 1622016K, used 393009K [0x00000006e0000000, 0x0000000800000000)
  region size 4096K, 4 young (16384K), 4 survivors (16384K)
 Metaspace       used 291167K, committed 293056K, reserved 1310720K
  class space    used 37956K, committed 38848K, reserved 1048576K
}

